<?xml version="1.0" encoding="UTF-8" ?>
<testsuites errors="1"
            failures="1"
            tests="1">

  <testsuite name="login"
    errors="1" failures="1" hostname="" id="" package="login" skipped="0"
    tests="1" time="14.67" timestamp="">
  
    <testcase name="Log In" classname="login" time="14.67" assertions="7">

    

    

    

    

    

      <failure message="Timed out while waiting for element &lt;#basic-nav-dropdown&gt; to be removed for 5000 milliseconds. - expected [0;32m&#34;not found&#34;[0m but got: [0;31m&#34;found&#34;[0m">    at Page.userLogout (C:\Users\Equa1\Desktop\Dev\Yood\pageObjects\objects.js:41:10)
    at Object.Log In (C:\Users\Equa1\Desktop\Dev\Yood\tests\login.js:15:12)</failure>

    <failure message="    at Page.userLogout (C:\Users\Equa1\Desktop\Dev\Yood\pageObjects\objects.js:41:10)">    at Object.Log In (C:\Users\Equa1\Desktop\Dev\Yood\tests\login.js:15:12)</failure>
    </testcase>
  

  

  
  </testsuite>
</testsuites>
